C51 COMPILER V9.60.0.0   MAIN                                                              07/13/2023 22:41:34 PAGE 1   


C51 COMPILER V9.60.0.0, COMPILATION OF MODULE MAIN
OBJECT MODULE PLACED IN .\Objects\main.obj
COMPILER INVOKED BY: C:\Keil_v5\C51\BIN\C51.EXE main.c OPTIMIZE(8,SPEED) BROWSE DEBUG OBJECTEXTEND PRINT(.\Listings\main
                    -.lst) TABS(2) OBJECT(.\Objects\main.obj)

line level    source

   1          #include <regx52.h>
   2          
   3          void Delay(unsigned int t)
   4          {
   5   1          unsigned int x, y;
   6   1          for(x = 0; x < t; x++)
   7   1          {
   8   2              for(y = 0; y < 123; y++);
   9   2          }
  10   1      }
  11          
  12          void main()
  13          {
  14   1        unsigned int i;
  15   1        while(1) // Infinite Loop
  16   1        {
  17   2          for(i = 0; i < 5; i++)
  18   2          {
  19   3              P0 = 0x00;
  20   3              Delay(500);
  21   3              P0 = 0xFF;
  22   3              Delay(500); 
  23   3          }
  24   2          
  25   2          for(i = 0; i < 5; i++)
  26   2          {
  27   3              P0 = 0xAA;
  28   3              Delay(500);
  29   3              P0 = 0x55;
  30   3              Delay(500);  
  31   3          }
  32   2        
  33   2          for(i = 0; i < 5; i++)
  34   2          {
  35   3              P0 = 0xF0;
  36   3              Delay(500);
  37   3              P0 = 0x0F;
  38   3              Delay(500); 
  39   3          }
  40   2        }
  41   1      }


MODULE INFORMATION:   STATIC OVERLAYABLE
   CODE SIZE        =    117    ----
   CONSTANT SIZE    =   ----    ----
   XDATA SIZE       =   ----    ----
   PDATA SIZE       =   ----    ----
   DATA SIZE        =   ----    ----
   IDATA SIZE       =   ----    ----
   BIT SIZE         =   ----    ----
END OF MODULE INFORMATION.


C51 COMPILATION COMPLETE.  0 WARNING(S),  0 ERROR(S)
