C51 COMPILER V9.60.0.0   MAIN                                                              07/13/2023 13:59:31 PAGE 1   


C51 COMPILER V9.60.0.0, COMPILATION OF MODULE MAIN
OBJECT MODULE PLACED IN .\Objects\main.obj
COMPILER INVOKED BY: C:\Keil_v5\C51\BIN\C51.EXE main.c OPTIMIZE(8,SPEED) BROWSE DEBUG OBJECTEXTEND PRINT(.\Listings\main
                    -.lst) TABS(2) OBJECT(.\Objects\main.obj)

line level    source

   1          #include <REGX52.H>
   2          
   3          // Connect LED_PIN to Port P0.0
   4          // LED_PIN is just a name 
   5          sbit LED_PIN = P0^0;
   6          
   7          void Delay_ms(unsigned int t)
   8          {
   9   1          unsigned int x, y;
  10   1          for(x = 0; x < t; x++)
  11   1          {
  12   2              for(y = 0; y < 123; y++); // Delay 1 ms
  13   2          }
  14   1      }
  15          
  16          void main()
  17          {
  18   1          while(1) // Infinite Loop
  19   1          {
  20   2              LED_PIN = !LED_PIN; // Invert this LED_PIN
  21   2              Delay_ms(500); // Delay 500 ms
  22   2          }
  23   1      }


MODULE INFORMATION:   STATIC OVERLAYABLE
   CODE SIZE        =     43    ----
   CONSTANT SIZE    =   ----    ----
   XDATA SIZE       =   ----    ----
   PDATA SIZE       =   ----    ----
   DATA SIZE        =   ----    ----
   IDATA SIZE       =   ----    ----
   BIT SIZE         =   ----    ----
END OF MODULE INFORMATION.


C51 COMPILATION COMPLETE.  0 WARNING(S),  0 ERROR(S)
