C51 COMPILER V9.60.0.0   DELAY                                                             07/14/2023 15:05:31 PAGE 1   


C51 COMPILER V9.60.0.0, COMPILATION OF MODULE DELAY
OBJECT MODULE PLACED IN .\Objects\Delay.obj
COMPILER INVOKED BY: C:\Keil_v5\C51\BIN\C51.EXE ..\LIB\Delay.c OPTIMIZE(8,SPEED) BROWSE DEBUG OBJECTEXTEND PRINT(.\Listi
                    -ngs\Delay.lst) TABS(2) OBJECT(.\Objects\Delay.obj)

line level    source

   1          #include "Delay.h"
   2          #include "main.h"
   3          
   4          
   5          #if(FREQ_OSC == 12000000)
   6              void Delay(unsigned int t)
   7              {
   8   1            unsigned int x,y;
   9   1            for(x = 0; x < t; x++)
  10   1            {
  11   2              for(y = 0; y < 123; y++);
  12   2            }
  13   1          }
  14          #elif(FREQ_OSC == 11059200)
                  void Delay(unsigned int t)
                  {
                    unsigned int x,y;
                    for(x = 0; x < t; x++)
                    {
                      for(y = 0; y < 113; y++);
                    }
                  }
              #elif(FREQ_OSC == 8000000)
                  void Delay(unsigned int t)
                  {
                    unsigned int x,y;
                    for(x = 0; x < t; x++)
                    {
                      for(y = 0; y < 218; y++);
                    }
                  }
              #elif(FREQ_OSC == 4000000)
                  void Delay(unsigned int t)
                  {
                    unsigned int x,y;
                    for(x = 0; x < t; x++)
                    {
                      for(y = 0; y < 106; y++);
                    }
                  }
              #else
                  #error "Not exist Delay function appropriate"
              #endif


MODULE INFORMATION:   STATIC OVERLAYABLE
   CODE SIZE        =     32    ----
   CONSTANT SIZE    =   ----    ----
   XDATA SIZE       =   ----    ----
   PDATA SIZE       =   ----    ----
   DATA SIZE        =   ----    ----
   IDATA SIZE       =   ----    ----
   BIT SIZE         =   ----    ----
END OF MODULE INFORMATION.

C51 COMPILER V9.60.0.0   DELAY                                                             07/14/2023 15:05:31 PAGE 2   


C51 COMPILATION COMPLETE.  0 WARNING(S),  0 ERROR(S)
