C51 COMPILER V9.60.0.0   MAIN                                                              07/14/2023 15:48:49 PAGE 1   


C51 COMPILER V9.60.0.0, COMPILATION OF MODULE MAIN
OBJECT MODULE PLACED IN .\Objects\main.obj
COMPILER INVOKED BY: C:\Keil_v5\C51\BIN\C51.EXE main.c OPTIMIZE(8,SPEED) BROWSE DEBUG OBJECTEXTEND PRINT(.\Listings\main
                    -.lst) TABS(2) OBJECT(.\Objects\main.obj)

line level    source

   1          #include "main.h"
   2          
   3          #define LED_PIN P2_0
   4          #define BUTTON P1_0
   5          
   6          void main()
   7          {
   8   1        LED_PIN = 0;
   9   1        while(1)
  10   1        {
  11   2          if(BUTTON == 0) // Press the Button
  12   2          {
  13   3            LED_PIN = 1; // LED light up
  14   3          }else
  15   2          {
  16   3            LED_PIN = 0; // LED darken
  17   3          }
  18   2        }
  19   1      }


MODULE INFORMATION:   STATIC OVERLAYABLE
   CODE SIZE        =     13    ----
   CONSTANT SIZE    =   ----    ----
   XDATA SIZE       =   ----    ----
   PDATA SIZE       =   ----    ----
   DATA SIZE        =   ----    ----
   IDATA SIZE       =   ----    ----
   BIT SIZE         =   ----    ----
END OF MODULE INFORMATION.


C51 COMPILATION COMPLETE.  0 WARNING(S),  0 ERROR(S)
