C51 COMPILER V9.60.0.0   MAIN                                                              07/14/2023 15:22:14 PAGE 1   


C51 COMPILER V9.60.0.0, COMPILATION OF MODULE MAIN
OBJECT MODULE PLACED IN .\Objects\main.obj
COMPILER INVOKED BY: C:\Keil_v5\C51\BIN\C51.EXE main.c OPTIMIZE(8,SPEED) BROWSE DEBUG OBJECTEXTEND PRINT(.\Listings\main
                    -.lst) TABS(2) OBJECT(.\Objects\main.obj)

line level    source

   1          #include "main.h"
   2          #include "..\LIB\Delay.h"
   3          
   4          #define LED_PORT P0
   5          
   6          void main()
   7          {
   8   1        unsigned int i;
   9   1        while(1)
  10   1        {
  11   2          LED_PORT = 0x00;
  12   2          
  13   2          /* Light up */
  14   2          for(i = 0; i < 8; i++)
  15   2          {
  16   3            LED_PORT |= (1 << i);
  17   3            Delay(200);
  18   3          }
  19   2          
  20   2          /* Darken */
  21   2          for(i = 0; i < 8; i++)
  22   2          {
  23   3            LED_PORT &= ~(0x01 << i);
  24   3            Delay(200);
  25   3          }
  26   2        }
  27   1      }


MODULE INFORMATION:   STATIC OVERLAYABLE
   CODE SIZE        =     95    ----
   CONSTANT SIZE    =   ----    ----
   XDATA SIZE       =   ----    ----
   PDATA SIZE       =   ----    ----
   DATA SIZE        =   ----       2
   IDATA SIZE       =   ----    ----
   BIT SIZE         =   ----    ----
END OF MODULE INFORMATION.


C51 COMPILATION COMPLETE.  0 WARNING(S),  0 ERROR(S)
