C51 COMPILER V9.60.0.0   MAIN                                                              07/14/2023 08:56:17 PAGE 1   


C51 COMPILER V9.60.0.0, COMPILATION OF MODULE MAIN
OBJECT MODULE PLACED IN .\Objects\main.obj
COMPILER INVOKED BY: C:\Keil_v5\C51\BIN\C51.EXE main.c OPTIMIZE(8,SPEED) BROWSE DEBUG OBJECTEXTEND PRINT(.\Listings\main
                    -.lst) TABS(2) OBJECT(.\Objects\main.obj)

line level    source

   1          #include <regx52.h>
   2          
   3          void Delay(unsigned int t)
   4          {
   5   1        unsigned int x, y;
   6   1        for(x = 0; x < t; x++)
   7   1        {
   8   2            for(y = 0; y < 123; y++);
   9   2        }
  10   1      }
  11          
  12          void main()
  13          {
  14   1        while(1)
  15   1        {
  16   2          //P0_0 = !P0_0; // Invert BIT
  17   2          P0 ^= 0xFF; // Invert BYTE
  18   2          // P0 = ~P0;
  19   2          Delay(500);
  20   2        }
  21   1      }
  22              


MODULE INFORMATION:   STATIC OVERLAYABLE
   CODE SIZE        =     44    ----
   CONSTANT SIZE    =   ----    ----
   XDATA SIZE       =   ----    ----
   PDATA SIZE       =   ----    ----
   DATA SIZE        =   ----    ----
   IDATA SIZE       =   ----    ----
   BIT SIZE         =   ----    ----
END OF MODULE INFORMATION.


C51 COMPILATION COMPLETE.  0 WARNING(S),  0 ERROR(S)
